# JRE version: OpenJDK Runtime Environment (11.0+28) (build 11+28)
# Java VM: OpenJDK 64-Bit Server VM (11+28, mixed mode, tiered, compressed oops, g1 gc, bsd-amd64)
Heap:
 garbage-first heap   total 364544K, used 204553K [0x00000007a0000000, 0x0000000800000000)
  region size 1024K, 71 young (72704K), 11 survivors (11264K)
 Metaspace       used 250726K, capacity 268260K, committed 268452K, reserved 1271808K
  class space    used 36808K, capacity 45777K, committed 45900K, reserved 1048576K
GC Heap History (10 events):
Event: 293.285 GC heap before
{Heap before GC invocations=50 (full 0):
 garbage-first heap   total 364544K, used 156276K [0x00000007a0000000, 0x0000000800000000)
  region size 1024K, 5 young (5120K), 1 survivors (1024K)
 Metaspace       used 219210K, capacity 234353K, committed 234660K, reserved 1243136K
  class space    used 32549K, capacity 40445K, committed 40524K, reserved 1048576K
}
Event: 293.289 GC heap after
{Heap after GC invocations=51 (full 0):
 garbage-first heap   total 364544K, used 154210K [0x00000007a0000000, 0x0000000800000000)
  region size 1024K, 1 young (1024K), 1 survivors (1024K)
 Metaspace       used 219210K, capacity 234353K, committed 234660K, reserved 1243136K
  class space    used 32549K, capacity 40445K, committed 40524K, reserved 1048576K
}
Event: 301.397 GC heap before
{Heap before GC invocations=52 (full 0):
 garbage-first heap   total 364544K, used 258658K [0x00000007a0000000, 0x0000000800000000)
  region size 1024K, 100 young (102400K), 1 survivors (1024K)
 Metaspace       used 221905K, capacity 237251K, committed 237860K, reserved 1247232K
  class space    used 32827K, capacity 40777K, committed 40908K, reserved 1048576K
}
Event: 301.415 GC heap after
{Heap after GC invocations=53 (full 0):
 garbage-first heap   total 364544K, used 135846K [0x00000007a0000000, 0x0000000800000000)
  region size 1024K, 3 young (3072K), 3 survivors (3072K)
 Metaspace       used 221905K, capacity 237251K, committed 237860K, reserved 1247232K
  class space    used 32827K, capacity 40777K, committed 40908K, reserved 1048576K
}
Event: 305.719 GC heap before
{Heap before GC invocations=53 (full 0):
 garbage-first heap   total 364544K, used 253606K [0x00000007a0000000, 0x0000000800000000)
  region size 1024K, 119 young (121856K), 3 survivors (3072K)
 Metaspace       used 246691K, capacity 263693K, committed 263972K, reserved 1267712K
  class space    used 36343K, capacity 45141K, committed 45260K, reserved 1048576K
}
Event: 305.754 GC heap after
{Heap after GC invocations=54 (full 0):
 garbage-first heap   total 364544K, used 140190K [0x00000007a0000000, 0x0000000800000000)
  region size 1024K, 7 young (7168K), 7 survivors (7168K)
 Metaspace       used 246691K, capacity 263693K, committed 263972K, reserved 1267712K
  class space    used 36343K, capacity 45141K, committed 45260K, reserved 1048576K
}
Event: 309.352 GC heap before
{Heap before GC invocations=55 (full 0):
 garbage-first heap   total 364544K, used 263070K [0x00000007a0000000, 0x0000000800000000)
  region size 1024K, 127 young (130048K), 7 survivors (7168K)
 Metaspace       used 249787K, capacity 267234K, committed 267556K, reserved 1271808K
  class space    used 36734K, capacity 45695K, committed 45772K, reserved 1048576K
}
Event: 309.425 GC heap after
{Heap after GC invocations=56 (full 0):
 garbage-first heap   total 364544K, used 140538K [0x00000007a0000000, 0x0000000800000000)
  region size 1024K, 8 young (8192K), 8 survivors (8192K)
 Metaspace       used 249787K, capacity 267234K, committed 267556K, reserved 1271808K
  class space    used 36734K, capacity 45695K, committed 45772K, reserved 1048576K
}
Event: 312.146 GC heap before
{Heap before GC invocations=56 (full 0):
 garbage-first heap   total 364544K, used 267514K [0x00000007a0000000, 0x0000000800000000)
  region size 1024K, 132 young (135168K), 8 survivors (8192K)
 Metaspace       used 250689K, capacity 268237K, committed 268452K, reserved 1271808K
  class space    used 36806K, capacity 45773K, committed 45900K, reserved 1048576K
}
Event: 312.239 GC heap after
{Heap after GC invocations=57 (full 0):
 garbage-first heap   total 364544K, used 144137K [0x00000007a0000000, 0x0000000800000000)
  region size 1024K, 11 young (11264K), 11 survivors (11264K)
 Metaspace       used 250689K, capacity 268237K, committed 268452K, reserved 1271808K
  class space    used 36806K, capacity 45773K, committed 45900K, reserved 1048576K
}

